Arguments: 
  C:\Program Files\nodejs\node.exe C:\Program Files (x86)\Yarn\bin\yarn.js install

PATH: 
  C:\Program Files (x86)\Microsoft Visual Studio\2017\Community\VC\Tools\MSVC\14.16.27023\bin\HostX64\x64;C:\Program Files (x86)\Microsoft Visual Studio\2017\Community\Common7\IDE\VC\VCPackages;C:\Program Files (x86)\Microsoft Visual Studio\2017\Community\Common7\IDE\CommonExtensions\Microsoft\TestWindow;C:\Program Files (x86)\Microsoft Visual Studio\2017\Community\Common7\IDE\CommonExtensions\Microsoft\TeamFoundation\Team Explorer;C:\Program Files (x86)\Microsoft Visual Studio\2017\Community\MSBuild\15.0\bin\Roslyn;C:\Program Files (x86)\Microsoft Visual Studio\2017\Community\Team Tools\Performance Tools\x64;C:\Program Files (x86)\Microsoft Visual Studio\2017\Community\Team Tools\Performance Tools;C:\Program Files (x86)\Microsoft Visual Studio\Shared\Common\VSPerfCollectionTools\\x64;C:\Program Files (x86)\Microsoft Visual Studio\Shared\Common\VSPerfCollectionTools\;C:\Program Files (x86)\Microsoft SDKs\Windows\v10.0A\bin\NETFX 4.6.1 Tools\x64\;C:\Program Files (x86)\Windows Kits\10\bin\10.0.17763.0\x64;C:\Program Files (x86)\Windows Kits\10\bin\x64;C:\Program Files (x86)\Microsoft Visual Studio\2017\Community\\MSBuild\15.0\bin;C:\Windows\Microsoft.NET\Framework64\v4.0.30319;C:\Program Files (x86)\Microsoft Visual Studio\2017\Community\Common7\IDE\;C:\Program Files (x86)\Microsoft Visual Studio\2017\Community\Common7\Tools\;C:\Perl64\site\bin;C:\Perl64\bin;C:\Windows\system32;C:\Windows;C:\Windows\System32\Wbem;C:\Windows\System32\WindowsPowerShell\v1.0\;C:\Users\Asesh\.dnx\bin;C:\Program Files\Microsoft DNX\Dnvm\;C:\Program Files\Microsoft SQL Server\130\Tools\Binn\;D:\depot_tools;D:\depot_tools\win_tools-2_7_6_bin\python\bin;C:\Go\bin;C:\Program Files (x86)\NVIDIA Corporation\PhysX\Common;C:\Program Files\Microsoft SQL Server\110\Tools\Binn\;C:\Program Files (x86)\Microsoft SDKs\TypeScript\1.0\;C:\Program Files\Microsoft SQL Server\120\Tools\Binn\;C:\WINDOWS\system32;C:\WINDOWS;C:\WINDOWS\System32\Wbem;C:\WINDOWS\System32\WindowsPowerShell\v1.0\;C:\Program Files\LLVM\bin;C:\Program Files (x86)\Windows Kits\10\Windows Performance Toolkit\;C:\Program Files\nodejs\;C:\WINDOWS\System32\OpenSSH\;C:\Program Files (x86)\Yarn\bin\;C:\Program Files\Git\cmd;C:\Program Files\NVIDIA Corporation\NVIDIA NvDLISR;C:\Perl64\site\bin;C:\Perl64\bin;C:\Windows\system32;C:\Windows;C:\Windows\System32\Wbem;C:\Windows\System32\WindowsPowerShell\v1.0\;C:\Users\Asesh\.dnx\bin;C:\Program Files\Microsoft DNX\Dnvm\;C:\Program Files\Microsoft SQL Server\130\Tools\Binn\;D:\depot_tools;D:\depot_tools\win_tools-2_7_6_bin\python\bin;C:\Go\bin;C:\Program Files (x86)\NVIDIA Corporation\PhysX\Common;C:\Program Files\Microsoft SQL Server\110\Tools\Binn\;C:\Program Files (x86)\Microsoft SDKs\TypeScript\1.0\;C:\Program Files\Microsoft SQL Server\120\Tools\Binn\;C:\WINDOWS\system32;C:\WINDOWS;C:\WINDOWS\System32\Wbem;C:\WINDOWS\System32\WindowsPowerShell\v1.0\;C:\Program Files\LLVM\bin;C:\Program Files (x86)\Windows Kits\10\Windows Performance Toolkit\;C:\Program Files\nodejs\;C:\WINDOWS\System32\OpenSSH\;C:\Program Files\Git\cmd;C:\Users\Asesh\AppData\Local\Microsoft\WindowsApps;C:\Users\Asesh\AppData\Local\Programs\Fiddler;C:\Program Files (x86)\Dr. Memory\bin\;C:\Users\Asesh\AppData\Local\Microsoft\WindowsApps;C:\Users\Asesh\Downloads\Che;C:\Users\Asesh\AppData\Local\Yarn\bin;C:\Program Files (x86)\Microsoft Visual Studio\2017\Community\Common7\IDE\CommonExtensions\Microsoft\CMake\CMake\bin;C:\Program Files (x86)\Microsoft Visual Studio\2017\Community\Common7\IDE\CommonExtensions\Microsoft\CMake\Ninja

Yarn version: 
  1.10.1

Node version: 
  8.10.0

Platform: 
  win32 x64

Trace: 
  SyntaxError: C:\Users\Asesh\Documents\Electron\electron-quick-start\package.json: Unexpected token } in JSON at position 702
      at JSON.parse (<anonymous>)
      at C:\Program Files (x86)\Yarn\lib\cli.js:1136:59
      at Generator.next (<anonymous>)
      at step (C:\Program Files (x86)\Yarn\lib\cli.js:98:30)
      at C:\Program Files (x86)\Yarn\lib\cli.js:109:13
      at <anonymous>

npm manifest: 
  {
    "name": "CloudWorkerHub",
    "productName": "CloudWorker Hub",
    "author": "CloudFactory",
    "version": "1.0.1",
    "description": "CloudWorker Hub App",
    "main": "main.js",
    "scripts": {
      "start": "electron .",
      "pack": "electron-builder --dir",
      "dist": "electron-builder"
    },
    "repository": "https://github.com/asesh/electron-browser",
    "keywords": [
      "Cloud",
      "Worker",
      "Hub"
    ],
    "license": "CC0-1.0",
    "devDependencies": {
      "electron": "^3.0.7",
      "electron-builder": "^20.36.2",
      "electron-winstaller": "^2.7.0"
    },
    "build": {
      "asar": true,
      "appId": "com.cloudfactory.cloudworkerhub",
      "mac": {
        "category": "your.app.category.type",
      },
      "nsis": {
          "oneClick": true,
          "perMachine": true,
          "allowElevation": true,
          "menuCategory": true
      },
      "publish": {
          "provider": "generic",
          "url": "http://127.0.0.1:8080/"
      }
    },
    "dependencies": {
      "@types/nprogress": "0.0.29",
      "@types/react-bootstrap": "^0.32.14",
      "@types/react-redux": "^6.0.9",
      "@types/react-router-dom": "^4.3.1",
      "@types/toastr": "^2.1.35",
      "amazon-cognito-identity-js": "^3.0.3",
      "autoprefixer": "7.1.6",
      "axios": "^0.18.0",
      "babel-jest": "20.0.3",
      "babel-loader": "7.1.2",
      "babel-preset-react": "^6.24.1",
      "babel-preset-react-app": "^6.1.0",
      "case-sensitive-paths-webpack-plugin": "2.1.1",
      "chalk": "1.1.3",
      "concurrently": "^4.0.1",
      "css-loader": "1.0.0",
      "dotenv": "4.0.0",
      "dotenv-expand": "4.2.0",
      "electron-is-dev": "^1.0.1",
      "electron-log": "^2.2.17",
      "electron-updater": "^4.0.4",
      "extract-text-webpack-plugin": "3.0.2",
      "file-loader": "1.1.5",
      "fork-ts-checker-webpack-plugin": "^0.2.8",
      "fs-extra": "3.0.1",
      "hapi": "^17.7.0",
      "html-webpack-plugin": "2.29.0",
      "jest": "20.0.4",
      "node-fetch": "^2.3.0",
      "node-sass": "^4.9.4",
      "node-sass-chokidar": "^1.3.4",
      "nprogress": "^0.2.0",
      "object-assign": "4.1.1",
      "postcss-flexbugs-fixes": "3.2.0",
      "postcss-loader": "2.0.8",
      "promise": "8.0.1",
      "raf": "3.4.0",
      "request-promise": "^4.2.2",
      "resolve": "1.6.0",
      "sass-loader": "^7.1.0",
      "source-map-loader": "^0.2.1",
      "style-loader": "0.19.0",
      "styled-components": "^4.0.2",
      "sw-precache-webpack-plugin": "0.11.4",
      "toastr": "^2.1.4",
      "ts-jest": "22.0.1",
      "ts-loader": "^2.3.7",
      "tsconfig-paths-webpack-plugin": "^2.0.0",
      "tslint": "^5.7.0",
      "tslint-config-prettier": "^1.10.0",
      "tslint-react": "^3.2.0",
      "uglifyjs-webpack-plugin": "1.2.5",
      "url-loader": "0.6.2",
      "wait-on": "^3.1.0",
      "webpack": "3.8.1",
      "webpack-dev-server": "2.11.3",
      "webpack-manifest-plugin": "1.3.2",
      "whatwg-fetch": "2.0.3"
    }
  }

yarn manifest: 
  No manifest

Lockfile: 
  No lockfile
